<?xml version="1.0" encoding="UTF-8"?>
<!-- Generated by org.testng.reporters.JUnitReportReporter -->
<testsuite hostname="DESKTOP-56C0EHH" failures="0" tests="1" name="com.actitime.testcases.TC2_CreateCustomerLogout" time="43.993" errors="0" timestamp="2023-06-01T11:55:24 IST" skipped="0">
  <testcase classname="com.actitime.testcases.TC2_CreateCustomerLogout" name="createCustomer" time="43.993"/>
  <system-out/>
</testsuite> <!-- com.actitime.testcases.TC2_CreateCustomerLogout -->
