<?xml version="1.0" encoding="UTF-8"?>
<!-- Generated by org.testng.reporters.JUnitReportReporter -->
<testsuite hostname="DESKTOP-56C0EHH" failures="0" tests="1" name="com.actitime.testcases.TC1_ActitimeLoginLogout" time="17.748" errors="0" timestamp="2023-06-01T11:55:24 IST" skipped="0">
  <testcase classname="com.actitime.testcases.TC1_ActitimeLoginLogout" name="loginlogout" time="17.748"/>
  <system-out>
    <![CDATA[both titles are matching]]>
  </system-out>
</testsuite> <!-- com.actitime.testcases.TC1_ActitimeLoginLogout -->
