<?xml version="1.0" encoding="UTF-8"?>
<!-- Generated by org.testng.reporters.JUnitReportReporter -->
<testsuite hostname="PralayKumar" failures="0" tests="1" name="com.actitime.testcases.TC2_CreateCustomerLogout" time="45.434" errors="0" timestamp="2023-06-03T21:35:02 IST" skipped="0">
  <testcase classname="com.actitime.testcases.TC2_CreateCustomerLogout" name="createCustomer" time="45.434"/>
  <system-out/>
</testsuite> <!-- com.actitime.testcases.TC2_CreateCustomerLogout -->
