<?xml version="1.0" encoding="UTF-8"?>
<!-- Generated by org.testng.reporters.JUnitReportReporter -->
<testsuite hostname="PralayKumar" failures="0" tests="1" name="com.actitime.testcases.TC3_CreateWorkLogout" time="45.201" errors="0" timestamp="2023-06-03T21:35:02 IST" skipped="0">
  <testcase classname="com.actitime.testcases.TC3_CreateWorkLogout" name="creatework" time="45.201"/>
  <system-out/>
</testsuite> <!-- com.actitime.testcases.TC3_CreateWorkLogout -->
